
> intuitivo-challenge@1.0.0 test
> npx cypress run cypress/e2e/testIntuitivo.cy.js


================================================================================

  (Run Starting)

  ┌────────────────────────────────────────────────────────────────────────────────────────────────┐
  │ Cypress:        12.17.2                                                                        │
  │ Browser:        Electron 106 (headless)                                                        │
  │ Node Version:   v18.16.1 (/home/stiva/.nvm/versions/node/v18.16.1/bin/node)                    │
  │ Specs:          1 found (testIntuitivo.cy.js)                                                  │
  │ Searched:       cypress/e2e/**/*.cy.{js,jsx,ts,tsx}                                            │
  └────────────────────────────────────────────────────────────────────────────────────────────────┘


────────────────────────────────────────────────────────────────────────────────────────────────────
                                                                                                    
  Running:  testIntuitivo.cy.js                                                             (1 of 1)


  Intuitivo Developer site Welcome screen
    ✓ Checks Title, subtitle and description (3967ms)
    ✓ Checks the nav bar (2739ms)
    ✓ Checks the <Jump To> feature (2564ms)
    ✓ Checks the header search bar (6032ms)


  4 passing (15s)


  (Results)

  ┌────────────────────────────────────────────────────────────────────────────────────────────────┐
  │ Tests:        4                                                                                │
  │ Passing:      4                                                                                │
  │ Failing:      0                                                                                │
  │ Pending:      0                                                                                │
  │ Skipped:      0                                                                                │
  │ Screenshots:  0                                                                                │
  │ Video:        true                                                                             │
  │ Duration:     15 seconds                                                                       │
  │ Spec Ran:     testIntuitivo.cy.js                                                              │
  └────────────────────────────────────────────────────────────────────────────────────────────────┘


  (Video)

  -  Started compressing: Compressing to 32 CRF                                                     
  -  Finished compressing: 1 second                                                  

  -  Video output: /home/stiva/code/intuitivo-challenge/cypress/videos/testIntuitivo.cy.js.mp4


================================================================================

  (Run Finished)


       Spec                                              Tests  Passing  Failing  Pending  Skipped  
  ┌────────────────────────────────────────────────────────────────────────────────────────────────┐
  │ ✔  testIntuitivo.cy.js                      00:15        4        4        -        -        - │
  └────────────────────────────────────────────────────────────────────────────────────────────────┘
    ✔  All specs passed!                        00:15        4        4        -        -        -  

